[35m[Appium][39m Welcome to Appium v2.1.3
[35m[Appium][39m Non-default server args:
[35m[Appium][39m { basePath: [32m'/wd/hub'[39m, loglevel: [32m'info'[39m, port: [33m59017[39m }
[35m[Appium][39m Attempting to load driver uiautomator2...
[35m[Appium][39m Appium REST http interface listener started on http://0.0.0.0:59017/wd/hub
[35m[Appium][39m You can provide the following URLs in your client code to connect to this server:
[35m[Appium][39m 	http://192.168.1.10:59017/wd/hub
[35m[Appium][39m 	http://127.0.0.1:59017/wd/hub (only accessible from the same host)
[35m[Appium][39m Available drivers:
[35m[Appium][39m   - uiautomator2@2.29.10 (automationName 'UiAutomator2')
[35m[Appium][39m No plugins have been installed. Use the "appium plugin" command to install the one(s) you want to use.
[38;5;0m[HTTP][0m [37m-->[39m [37mGET[39m [37m/wd/hub/status[39m
[38;5;0m[HTTP][0m [90m{}[39m
[38;5;0m[HTTP][0m [37m<-- GET /wd/hub/status [39m[32m200[39m [90m13 ms - 110[39m
[38;5;0m[HTTP][0m [90m[39m
[38;5;0m[HTTP][0m [37m-->[39m [37mGET[39m [37m/wd/hub/status[39m
[38;5;0m[HTTP][0m [90m{}[39m
[38;5;0m[HTTP][0m [37m<-- GET /wd/hub/status [39m[32m200[39m [90m4 ms - 110[39m
[38;5;0m[HTTP][0m [90m[39m
[38;5;0m[HTTP][0m [37m-->[39m [37mPOST[39m [37m/wd/hub/session[39m
[38;5;0m[HTTP][0m [90m{"desiredCapabilities":{"appium:systemPort":8207,"appium:udid":"32031JEGR06877","appium:autoGrantPermissions":true,"appium:newCommandTimeout":1800,"appium:platformName":"ANDROID","appium:appActivity":".Settings","appium:deviceName":"Google Pixel 6a (Android 13)","platformName":"Android","appium:automationName":"uiautomator2","appium:platformVersion":"13","appium:appPackage":"com.android.settings"},"capabilities":{"firstMatch":[{"appium:appActivity":".Settings","appium:appPackage":"com.android.settings","appium:autoGrantPermissions":true,"appium:automationName":"uiautomator2","appium:deviceName":"Google Pixel 6a (Android 13)","appium:newCommandTimeout":1800,"appium:platformName":"ANDROID","appium:platformVersion":"13","appium:systemPort":8207,"appium:udid":"32031JEGR06877","platformName":"android"}]}}[39m
[38;5;32m[BaseDriver][0m Ignoring capability 'appium:platformName=ANDROID' and using capability 'platformName=android'
[38;5;32m[BaseDriver][0m The capabilities ["platformName"] are standard capabilities and do not require "appium:" prefix
[35m[Appium][39m Attempting to find matching driver for automationName 'uiautomator2' and platformName 'android'
[35m[Appium][39m The 'uiautomator2' driver was installed and matched caps.
[35m[Appium][39m Will require it at C:\Users\mohamed.abdelrahman\.appium\node_modules\appium-uiautomator2-driver
[38;5;16m[AppiumDriver@dcb6][0m Appium v2.1.3 creating new AndroidUiautomator2Driver (v2.29.10) session
[38;5;16m[AppiumDriver@dcb6][0m Checking BaseDriver versions for Appium and AndroidUiautomator2Driver
[38;5;16m[AppiumDriver@dcb6][0m Appium's BaseDriver version is 9.3.20
[38;5;16m[AppiumDriver@dcb6][0m AndroidUiautomator2Driver's BaseDriver version is 9.3.20
[38;5;48m[AndroidUiautomator2Driver@a358][0m The following capabilities were provided, but are not recognized by Appium:
[38;5;48m[AndroidUiautomator2Driver@a358][0m   deviceName
[38;5;48m[AndroidUiautomator2Driver@a358 (b25b64c1)][0m Session created with session id: b25b64c1-eb98-44ad-a090-14653a889ee5
[38;5;48m[AndroidUiautomator2Driver@a358 (b25b64c1)][0m Starting 'com.android.settings' directly on the device
[38;5;64m[ADB][0m Found 3 'build-tools' folders under 'C:\Users\mohamed.abdelrahman\AppData\Local\Android\Sdk' (newest first):
[38;5;64m[ADB][0m     C:\Users\mohamed.abdelrahman\AppData\Local\Android\Sdk\build-tools\34.0.0
[38;5;64m[ADB][0m     C:\Users\mohamed.abdelrahman\AppData\Local\Android\Sdk\build-tools\33.0.1
[38;5;64m[ADB][0m     C:\Users\mohamed.abdelrahman\AppData\Local\Android\Sdk\build-tools\29.0.3
[38;5;64m[ADB][0m Using 'adb.exe' from 'C:\Users\mohamed.abdelrahman\AppData\Local\Android\Sdk\platform-tools\adb.exe'
[38;5;80m[AndroidDriver][0m Retrieving device list
[38;5;80m[AndroidDriver][0m Using device: 32031JEGR06877
[38;5;64m[ADB][0m Using 'adb.exe' from 'C:\Users\mohamed.abdelrahman\AppData\Local\Android\Sdk\platform-tools\adb.exe'
[38;5;64m[ADB][0m Getting device platform version
[38;5;48m[AndroidUiautomator2Driver@a358 (b25b64c1)][0m Relaxing hidden api policy
[38;5;80m[AndroidDriver][0m No app sent in, not parsing package/activity
[38;5;64m[ADB][0m Using 'apksigner.jar' from 'C:\Users\mohamed.abdelrahman\AppData\Local\Android\Sdk\build-tools\34.0.0\lib\apksigner.jar'
[38;5;64m[ADB][0m 'C:\Users\mohamed.abdelrahman\.appium\node_modules\appium-uiautomator2-driver\node_modules\appium-uiautomator2-server\apks\appium-uiautomator2-server-debug-androidTest.apk' is signed with the default certificate
[38;5;64m[ADB][0m 'C:\Users\mohamed.abdelrahman\.appium\node_modules\appium-uiautomator2-driver\node_modules\appium-uiautomator2-server\apks\appium-uiautomator2-server-v5.12.6.apk' is signed with the default certificate
[38;5;48m[AndroidUiautomator2Driver@a358 (b25b64c1)][0m Server packages are not going to be (re)installed
[38;5;64m[ADB][0m Adding packages ["io.appium.settings","io.appium.uiautomator2.server","io.appium.uiautomator2.server.test"] to Doze whitelist
[38;5;48m[AndroidUiautomator2Driver@a358 (b25b64c1)][0m Starting UIAutomator2 server 5.12.6
[38;5;48m[AndroidUiautomator2Driver@a358 (b25b64c1)][0m Using UIAutomator2 server from 'C:\Users\mohamed.abdelrahman\.appium\node_modules\appium-uiautomator2-driver\node_modules\appium-uiautomator2-server\apks\appium-uiautomator2-server-v5.12.6.apk' and test from 'C:\Users\mohamed.abdelrahman\.appium\node_modules\appium-uiautomator2-driver\node_modules\appium-uiautomator2-server\apks\appium-uiautomator2-server-debug-androidTest.apk'
[38;5;48m[AndroidUiautomator2Driver@a358 (b25b64c1)][0m Waiting up to 30000ms for UiAutomator2 to be online...
[38;5;48m[AndroidUiautomator2Driver@a358 (b25b64c1)][0m socket hang up
[38;5;48m[AndroidUiautomator2Driver@a358 (b25b64c1)][0m socket hang up
[38;5;48m[AndroidUiautomator2Driver@a358 (b25b64c1)][0m Determined the downstream protocol as 'W3C'
[38;5;80m[AndroidDriver][0m Screen already unlocked, doing nothing
[38;5;48m[AndroidUiautomator2Driver@a358 (b25b64c1)][0m Starting 'com.android.settings/.Settings and waiting for 'com.android.settings/.Settings'
[38;5;16m[AppiumDriver@dcb6][0m New AndroidUiautomator2Driver session created successfully, session b25b64c1-eb98-44ad-a090-14653a889ee5 added to master session list
[38;5;0m[HTTP][0m [37m<-- POST /wd/hub/session [39m[32m200[39m [90m9691 ms - 1097[39m
[38;5;0m[HTTP][0m [90m[39m
[38;5;0m[HTTP][0m [37m-->[39m [37mGET[39m [37m/wd/hub/session/b25b64c1-eb98-44ad-a090-14653a889ee5[39m
[38;5;0m[HTTP][0m [90m{}[39m
[38;5;0m[HTTP][0m [37m<-- GET /wd/hub/session/b25b64c1-eb98-44ad-a090-14653a889ee5 [39m[32m200[39m [90m18 ms - 1051[39m
[38;5;0m[HTTP][0m [90m[39m
[38;5;0m[HTTP][0m [37m-->[39m [37mGET[39m [37m/wd/hub/session/b25b64c1-eb98-44ad-a090-14653a889ee5[39m
[38;5;0m[HTTP][0m [90m{}[39m
[38;5;0m[HTTP][0m [37m<-- GET /wd/hub/session/b25b64c1-eb98-44ad-a090-14653a889ee5 [39m[32m200[39m [90m16 ms - 1051[39m
[38;5;0m[HTTP][0m [90m[39m
[38;5;0m[HTTP][0m [37m-->[39m [37mGET[39m [37m/wd/hub/status[39m
[38;5;0m[HTTP][0m [90m{}[39m
[38;5;0m[HTTP][0m [37m<-- GET /wd/hub/status [39m[32m200[39m [90m1 ms - 110[39m
[38;5;0m[HTTP][0m [90m[39m
[38;5;0m[HTTP][0m [37m-->[39m [37mPOST[39m [37m/wd/hub/session/b25b64c1-eb98-44ad-a090-14653a889ee5/timeouts[39m
[38;5;0m[HTTP][0m [90m{"implicit":60000}[39m
[38;5;0m[HTTP][0m [37m<-- POST /wd/hub/session/b25b64c1-eb98-44ad-a090-14653a889ee5/timeouts [39m[32m200[39m [90m8 ms - 14[39m
[38;5;0m[HTTP][0m [90m[39m
[38;5;0m[HTTP][0m [37m-->[39m [37mGET[39m [37m/wd/hub/session/b25b64c1-eb98-44ad-a090-14653a889ee5/appium/device/system_bars[39m
[38;5;0m[HTTP][0m [90m{}[39m
[38;5;0m[HTTP][0m [37m<-- GET /wd/hub/session/b25b64c1-eb98-44ad-a090-14653a889ee5/appium/device/system_bars [39m[32m200[39m [90m213 ms - 152[39m
[38;5;0m[HTTP][0m [90m[39m
[38;5;0m[HTTP][0m [37m-->[39m [37mPOST[39m [37m/wd/hub/session/b25b64c1-eb98-44ad-a090-14653a889ee5/appium/device/activate_app[39m
[38;5;0m[HTTP][0m [90m{"bundleId":"com.androidsample.generalstore"}[39m
[38;5;0m[HTTP][0m [37m<-- POST /wd/hub/session/b25b64c1-eb98-44ad-a090-14653a889ee5/appium/device/activate_app [39m[32m200[39m [90m435 ms - 14[39m
[38;5;0m[HTTP][0m [90m[39m
[38;5;0m[HTTP][0m [37m-->[39m [37mGET[39m [37m/wd/hub/session/b25b64c1-eb98-44ad-a090-14653a889ee5/source[39m
[38;5;0m[HTTP][0m [90m{}[39m
[38;5;48m[AndroidUiautomator2Driver@a358 (b25b64c1)][0m Driver proxy active, passing request on via HTTP proxy
[38;5;48m[AndroidUiautomator2Driver@a358 (b25b64c1)][0m Replacing sessionId 22d809af-df53-45b6-980f-50d9fcc2c8c9 with b25b64c1-eb98-44ad-a090-14653a889ee5
[38;5;0m[HTTP][0m [37m<-- GET /wd/hub/session/b25b64c1-eb98-44ad-a090-14653a889ee5/source [39m[32m200[39m [90m1098 ms - 3341[39m
[38;5;0m[HTTP][0m [90m[39m
[38;5;0m[HTTP][0m [37m-->[39m [37mGET[39m [37m/wd/hub/session/b25b64c1-eb98-44ad-a090-14653a889ee5/screenshot[39m
[38;5;0m[HTTP][0m [90m{}[39m
[38;5;0m[HTTP][0m [37m<-- GET /wd/hub/session/b25b64c1-eb98-44ad-a090-14653a889ee5/screenshot [39m[32m200[39m [90m476 ms - 77996[39m
[38;5;0m[HTTP][0m [90m[39m
[38;5;0m[HTTP][0m [37m-->[39m [37mGET[39m [37m/wd/hub/session/b25b64c1-eb98-44ad-a090-14653a889ee5/source[39m
[38;5;0m[HTTP][0m [90m{}[39m
[38;5;48m[AndroidUiautomator2Driver@a358 (b25b64c1)][0m Driver proxy active, passing request on via HTTP proxy
[38;5;48m[AndroidUiautomator2Driver@a358 (b25b64c1)][0m Replacing sessionId 22d809af-df53-45b6-980f-50d9fcc2c8c9 with b25b64c1-eb98-44ad-a090-14653a889ee5
[38;5;0m[HTTP][0m [37m<-- GET /wd/hub/session/b25b64c1-eb98-44ad-a090-14653a889ee5/source [39m[32m200[39m [90m287 ms - 11088[39m
[38;5;0m[HTTP][0m [90m[39m
[38;5;0m[HTTP][0m [37m-->[39m [37mGET[39m [37m/wd/hub/session/b25b64c1-eb98-44ad-a090-14653a889ee5/screenshot[39m
[38;5;0m[HTTP][0m [90m{}[39m
[38;5;0m[HTTP][0m [37m<-- GET /wd/hub/session/b25b64c1-eb98-44ad-a090-14653a889ee5/screenshot [39m[32m200[39m [90m739 ms - 590000[39m
[38;5;0m[HTTP][0m [90m[39m
[38;5;0m[HTTP][0m [37m-->[39m [37mPOST[39m [37m/wd/hub/session/b25b64c1-eb98-44ad-a090-14653a889ee5/elements[39m
[38;5;0m[HTTP][0m [90m{"using":"xpath","value":"//*[@class = 'android.widget.Spinner' and @resource-id = 'com.androidsample.generalstore:id/spinnerCountry' and (@text = '' or . = '')]"}[39m
[38;5;0m[HTTP][0m [37m<-- POST /wd/hub/session/b25b64c1-eb98-44ad-a090-14653a889ee5/elements [39m[32m200[39m [90m824 ms - 139[39m
[38;5;0m[HTTP][0m [90m[39m
[38;5;0m[HTTP][0m [37m-->[39m [37mGET[39m [37m/wd/hub/session/b25b64c1-eb98-44ad-a090-14653a889ee5/window/rect[39m
[38;5;0m[HTTP][0m [90m{}[39m
[38;5;0m[HTTP][0m [37m<-- GET /wd/hub/session/b25b64c1-eb98-44ad-a090-14653a889ee5/window/rect [39m[32m200[39m [90m17 ms - 50[39m
[38;5;0m[HTTP][0m [90m[39m
[38;5;0m[HTTP][0m [37m-->[39m [37mPOST[39m [37m/wd/hub/session/b25b64c1-eb98-44ad-a090-14653a889ee5/elements[39m
[38;5;0m[HTTP][0m [90m{"using":"xpath","value":"//*[@class = 'android.widget.Spinner' and @resource-id = 'com.androidsample.generalstore:id/spinnerCountry' and (@text = '' or . = '')]"}[39m
[38;5;0m[HTTP][0m [37m<-- POST /wd/hub/session/b25b64c1-eb98-44ad-a090-14653a889ee5/elements [39m[32m200[39m [90m143 ms - 139[39m
[38;5;0m[HTTP][0m [90m[39m
[38;5;0m[HTTP][0m [37m-->[39m [37mGET[39m [37m/wd/hub/session/b25b64c1-eb98-44ad-a090-14653a889ee5/element/00000000-0000-01b6-ffff-ffff0000001a/location[39m
[38;5;0m[HTTP][0m [90m{}[39m
[38;5;48m[AndroidUiautomator2Driver@a358 (b25b64c1)][0m Driver proxy active, passing request on via HTTP proxy
[38;5;48m[AndroidUiautomator2Driver@a358 (b25b64c1)][0m Replacing sessionId 22d809af-df53-45b6-980f-50d9fcc2c8c9 with b25b64c1-eb98-44ad-a090-14653a889ee5
[38;5;0m[HTTP][0m [37m<-- GET /wd/hub/session/b25b64c1-eb98-44ad-a090-14653a889ee5/element/00000000-0000-01b6-ffff-ffff0000001a/location [39m[32m200[39m [90m25 ms - 78[39m
[38;5;0m[HTTP][0m [90m[39m
[38;5;0m[HTTP][0m [37m-->[39m [37mPOST[39m [37m/wd/hub/session/b25b64c1-eb98-44ad-a090-14653a889ee5/element/00000000-0000-01b6-ffff-ffff0000001a/click[39m
[38;5;0m[HTTP][0m [90m{"id":"00000000-0000-01b6-ffff-ffff0000001a"}[39m
[38;5;0m[HTTP][0m [37m<-- POST /wd/hub/session/b25b64c1-eb98-44ad-a090-14653a889ee5/element/00000000-0000-01b6-ffff-ffff0000001a/click [39m[32m200[39m [90m66 ms - 14[39m
[38;5;0m[HTTP][0m [90m[39m
[38;5;0m[HTTP][0m [37m-->[39m [37mGET[39m [37m/wd/hub/session/b25b64c1-eb98-44ad-a090-14653a889ee5/source[39m
[38;5;0m[HTTP][0m [90m{}[39m
[38;5;48m[AndroidUiautomator2Driver@a358 (b25b64c1)][0m Driver proxy active, passing request on via HTTP proxy
[38;5;48m[AndroidUiautomator2Driver@a358 (b25b64c1)][0m Replacing sessionId 22d809af-df53-45b6-980f-50d9fcc2c8c9 with b25b64c1-eb98-44ad-a090-14653a889ee5
[38;5;0m[HTTP][0m [37m<-- GET /wd/hub/session/b25b64c1-eb98-44ad-a090-14653a889ee5/source [39m[32m200[39m [90m447 ms - 5755[39m
[38;5;0m[HTTP][0m [90m[39m
[38;5;0m[HTTP][0m [37m-->[39m [37mGET[39m [37m/wd/hub/session/b25b64c1-eb98-44ad-a090-14653a889ee5/screenshot[39m
[38;5;0m[HTTP][0m [90m{}[39m
[38;5;0m[HTTP][0m [37m<-- GET /wd/hub/session/b25b64c1-eb98-44ad-a090-14653a889ee5/screenshot [39m[32m200[39m [90m663 ms - 616700[39m
[38;5;0m[HTTP][0m [90m[39m
[38;5;0m[HTTP][0m [37m-->[39m [37mGET[39m [37m/wd/hub/session/b25b64c1-eb98-44ad-a090-14653a889ee5/source[39m
[38;5;0m[HTTP][0m [90m{}[39m
[38;5;48m[AndroidUiautomator2Driver@a358 (b25b64c1)][0m Driver proxy active, passing request on via HTTP proxy
[38;5;48m[AndroidUiautomator2Driver@a358 (b25b64c1)][0m Replacing sessionId 22d809af-df53-45b6-980f-50d9fcc2c8c9 with b25b64c1-eb98-44ad-a090-14653a889ee5
[38;5;0m[HTTP][0m [37m<-- GET /wd/hub/session/b25b64c1-eb98-44ad-a090-14653a889ee5/source [39m[32m200[39m [90m90 ms - 6180[39m
[38;5;0m[HTTP][0m [90m[39m
[38;5;0m[HTTP][0m [37m-->[39m [37mGET[39m [37m/wd/hub/session/b25b64c1-eb98-44ad-a090-14653a889ee5/screenshot[39m
[38;5;0m[HTTP][0m [90m{}[39m
[38;5;0m[HTTP][0m [37m<-- GET /wd/hub/session/b25b64c1-eb98-44ad-a090-14653a889ee5/screenshot [39m[32m200[39m [90m623 ms - 613408[39m
[38;5;0m[HTTP][0m [90m[39m
[38;5;0m[HTTP][0m [37m-->[39m [37mGET[39m [37m/wd/hub/session/b25b64c1-eb98-44ad-a090-14653a889ee5/context[39m
[38;5;0m[HTTP][0m [90m{}[39m
[38;5;0m[HTTP][0m [37m<-- GET /wd/hub/session/b25b64c1-eb98-44ad-a090-14653a889ee5/context [39m[32m200[39m [90m7 ms - 22[39m
[38;5;0m[HTTP][0m [90m[39m
[38;5;0m[HTTP][0m [37m-->[39m [37mGET[39m [37m/wd/hub/session/b25b64c1-eb98-44ad-a090-14653a889ee5/contexts[39m
[38;5;0m[HTTP][0m [90m{}[39m
[38;5;0m[HTTP][0m [37m<-- GET /wd/hub/session/b25b64c1-eb98-44ad-a090-14653a889ee5/contexts [39m[32m200[39m [90m530 ms - 41[39m
[38;5;0m[HTTP][0m [90m[39m
[38;5;0m[HTTP][0m [37m-->[39m [37mPOST[39m [37m/wd/hub/session/b25b64c1-eb98-44ad-a090-14653a889ee5/context[39m
[38;5;0m[HTTP][0m [90m{"name":"NATIVE_APP"}[39m
[38;5;0m[HTTP][0m [37m<-- POST /wd/hub/session/b25b64c1-eb98-44ad-a090-14653a889ee5/context [39m[32m200[39m [90m2 ms - 14[39m
[38;5;0m[HTTP][0m [90m[39m
[38;5;0m[HTTP][0m [37m-->[39m [37mPOST[39m [37m/wd/hub/session/b25b64c1-eb98-44ad-a090-14653a889ee5/element[39m
[38;5;0m[HTTP][0m [90m{"using":"-android uiautomator","value":"new UiScrollable(new UiSelector().scrollable(true).instance(0)).scrollIntoView(new UiSelector().textContains(\"Egypt\"))"}[39m
[38;5;0m[HTTP][0m [37m<-- POST /wd/hub/session/b25b64c1-eb98-44ad-a090-14653a889ee5/element [39m[32m200[39m [90m75 ms - 137[39m
[38;5;0m[HTTP][0m [90m[39m
[38;5;0m[HTTP][0m [37m-->[39m [37mPOST[39m [37m/wd/hub/session/b25b64c1-eb98-44ad-a090-14653a889ee5/context[39m
[38;5;0m[HTTP][0m [90m{"name":"NATIVE_APP"}[39m
[38;5;0m[HTTP][0m [37m<-- POST /wd/hub/session/b25b64c1-eb98-44ad-a090-14653a889ee5/context [39m[32m200[39m [90m2 ms - 14[39m
[38;5;0m[HTTP][0m [90m[39m
[38;5;0m[HTTP][0m [37m-->[39m [37mGET[39m [37m/wd/hub/session/b25b64c1-eb98-44ad-a090-14653a889ee5/source[39m
[38;5;0m[HTTP][0m [90m{}[39m
[38;5;48m[AndroidUiautomator2Driver@a358 (b25b64c1)][0m Driver proxy active, passing request on via HTTP proxy
[38;5;48m[AndroidUiautomator2Driver@a358 (b25b64c1)][0m Replacing sessionId 22d809af-df53-45b6-980f-50d9fcc2c8c9 with b25b64c1-eb98-44ad-a090-14653a889ee5
[38;5;0m[HTTP][0m [37m<-- GET /wd/hub/session/b25b64c1-eb98-44ad-a090-14653a889ee5/source [39m[32m200[39m [90m196 ms - 6180[39m
[38;5;0m[HTTP][0m [90m[39m
[38;5;0m[HTTP][0m [37m-->[39m [37mGET[39m [37m/wd/hub/session/b25b64c1-eb98-44ad-a090-14653a889ee5/screenshot[39m
[38;5;0m[HTTP][0m [90m{}[39m
[38;5;0m[HTTP][0m [37m<-- GET /wd/hub/session/b25b64c1-eb98-44ad-a090-14653a889ee5/screenshot [39m[32m200[39m [90m573 ms - 613408[39m
[38;5;0m[HTTP][0m [90m[39m
[38;5;0m[HTTP][0m [37m-->[39m [37mPOST[39m [37m/wd/hub/session/b25b64c1-eb98-44ad-a090-14653a889ee5/elements[39m
[38;5;0m[HTTP][0m [90m{"using":"xpath","value":"//*[@class = 'android.widget.TextView' and (@text = 'Egypt' or . = 'Egypt') and @resource-id = 'android:id/text1']"}[39m
[38;5;0m[HTTP][0m [37m<-- POST /wd/hub/session/b25b64c1-eb98-44ad-a090-14653a889ee5/elements [39m[32m200[39m [90m151 ms - 139[39m
[38;5;0m[HTTP][0m [90m[39m
[38;5;0m[HTTP][0m [37m-->[39m [37mGET[39m [37m/wd/hub/session/b25b64c1-eb98-44ad-a090-14653a889ee5/window/rect[39m
[38;5;0m[HTTP][0m [90m{}[39m
[38;5;0m[HTTP][0m [37m<-- GET /wd/hub/session/b25b64c1-eb98-44ad-a090-14653a889ee5/window/rect [39m[32m200[39m [90m17 ms - 50[39m
[38;5;0m[HTTP][0m [90m[39m
[38;5;0m[HTTP][0m [37m-->[39m [37mPOST[39m [37m/wd/hub/session/b25b64c1-eb98-44ad-a090-14653a889ee5/elements[39m
[38;5;0m[HTTP][0m [90m{"using":"xpath","value":"//*[@class = 'android.widget.TextView' and (@text = 'Egypt' or . = 'Egypt') and @resource-id = 'android:id/text1']"}[39m
[38;5;0m[HTTP][0m [37m<-- POST /wd/hub/session/b25b64c1-eb98-44ad-a090-14653a889ee5/elements [39m[32m200[39m [90m124 ms - 139[39m
[38;5;0m[HTTP][0m [90m[39m
[38;5;0m[HTTP][0m [37m-->[39m [37mGET[39m [37m/wd/hub/session/b25b64c1-eb98-44ad-a090-14653a889ee5/element/00000000-0000-01b8-ffff-ffff00000031/location[39m
[38;5;0m[HTTP][0m [90m{}[39m
[38;5;48m[AndroidUiautomator2Driver@a358 (b25b64c1)][0m Driver proxy active, passing request on via HTTP proxy
[38;5;48m[AndroidUiautomator2Driver@a358 (b25b64c1)][0m Replacing sessionId 22d809af-df53-45b6-980f-50d9fcc2c8c9 with b25b64c1-eb98-44ad-a090-14653a889ee5
[38;5;0m[HTTP][0m [37m<-- GET /wd/hub/session/b25b64c1-eb98-44ad-a090-14653a889ee5/element/00000000-0000-01b8-ffff-ffff00000031/location [39m[32m200[39m [90m17 ms - 79[39m
[38;5;0m[HTTP][0m [90m[39m
[38;5;0m[HTTP][0m [37m-->[39m [37mPOST[39m [37m/wd/hub/session/b25b64c1-eb98-44ad-a090-14653a889ee5/element/00000000-0000-01b8-ffff-ffff00000031/click[39m
[38;5;0m[HTTP][0m [90m{"id":"00000000-0000-01b8-ffff-ffff00000031"}[39m
[38;5;0m[HTTP][0m [37m<-- POST /wd/hub/session/b25b64c1-eb98-44ad-a090-14653a889ee5/element/00000000-0000-01b8-ffff-ffff00000031/click [39m[32m200[39m [90m705 ms - 14[39m
[38;5;0m[HTTP][0m [90m[39m
[38;5;0m[HTTP][0m [37m-->[39m [37mGET[39m [37m/wd/hub/session/b25b64c1-eb98-44ad-a090-14653a889ee5/source[39m
[38;5;0m[HTTP][0m [90m{}[39m
[38;5;48m[AndroidUiautomator2Driver@a358 (b25b64c1)][0m Driver proxy active, passing request on via HTTP proxy
[38;5;48m[AndroidUiautomator2Driver@a358 (b25b64c1)][0m Replacing sessionId 22d809af-df53-45b6-980f-50d9fcc2c8c9 with b25b64c1-eb98-44ad-a090-14653a889ee5
[38;5;0m[HTTP][0m [37m<-- GET /wd/hub/session/b25b64c1-eb98-44ad-a090-14653a889ee5/source [39m[32m200[39m [90m330 ms - 11082[39m
[38;5;0m[HTTP][0m [90m[39m
[38;5;0m[HTTP][0m [37m-->[39m [37mGET[39m [37m/wd/hub/session/b25b64c1-eb98-44ad-a090-14653a889ee5/screenshot[39m
[38;5;0m[HTTP][0m [90m{}[39m
[38;5;0m[HTTP][0m [37m<-- GET /wd/hub/session/b25b64c1-eb98-44ad-a090-14653a889ee5/screenshot [39m[32m200[39m [90m551 ms - 587784[39m
[38;5;0m[HTTP][0m [90m[39m
[38;5;0m[HTTP][0m [37m-->[39m [37mPOST[39m [37m/wd/hub/session/b25b64c1-eb98-44ad-a090-14653a889ee5/elements[39m
[38;5;0m[HTTP][0m [90m{"using":"xpath","value":"//*[@class = 'android.widget.EditText' and (@text = 'Enter name here' or . = 'Enter name here') and @resource-id = 'com.androidsample.generalstore:id/nameField']"}[39m
[38;5;0m[HTTP][0m [37m<-- POST /wd/hub/session/b25b64c1-eb98-44ad-a090-14653a889ee5/elements [39m[32m200[39m [90m299 ms - 139[39m
[38;5;0m[HTTP][0m [90m[39m
[38;5;0m[HTTP][0m [37m-->[39m [37mGET[39m [37m/wd/hub/session/b25b64c1-eb98-44ad-a090-14653a889ee5/window/rect[39m
[38;5;0m[HTTP][0m [90m{}[39m
[38;5;0m[HTTP][0m [37m<-- GET /wd/hub/session/b25b64c1-eb98-44ad-a090-14653a889ee5/window/rect [39m[32m200[39m [90m31 ms - 50[39m
[38;5;0m[HTTP][0m [90m[39m
[38;5;0m[HTTP][0m [37m-->[39m [37mPOST[39m [37m/wd/hub/session/b25b64c1-eb98-44ad-a090-14653a889ee5/elements[39m
[38;5;0m[HTTP][0m [90m{"using":"xpath","value":"//*[@class = 'android.widget.EditText' and (@text = 'Enter name here' or . = 'Enter name here') and @resource-id = 'com.androidsample.generalstore:id/nameField']"}[39m
[38;5;0m[HTTP][0m [37m<-- POST /wd/hub/session/b25b64c1-eb98-44ad-a090-14653a889ee5/elements [39m[32m200[39m [90m216 ms - 139[39m
[38;5;0m[HTTP][0m [90m[39m
[38;5;0m[HTTP][0m [37m-->[39m [37mGET[39m [37m/wd/hub/session/b25b64c1-eb98-44ad-a090-14653a889ee5/element/00000000-0000-01b6-ffff-ffff0000001c/location[39m
[38;5;0m[HTTP][0m [90m{}[39m
[38;5;48m[AndroidUiautomator2Driver@a358 (b25b64c1)][0m Driver proxy active, passing request on via HTTP proxy
[38;5;48m[AndroidUiautomator2Driver@a358 (b25b64c1)][0m Replacing sessionId 22d809af-df53-45b6-980f-50d9fcc2c8c9 with b25b64c1-eb98-44ad-a090-14653a889ee5
[38;5;0m[HTTP][0m [37m<-- GET /wd/hub/session/b25b64c1-eb98-44ad-a090-14653a889ee5/element/00000000-0000-01b6-ffff-ffff0000001c/location [39m[32m200[39m [90m31 ms - 79[39m
[38;5;0m[HTTP][0m [90m[39m
[38;5;0m[HTTP][0m [37m-->[39m [37mPOST[39m [37m/wd/hub/session/b25b64c1-eb98-44ad-a090-14653a889ee5/element/00000000-0000-01b6-ffff-ffff0000001c/clear[39m
[38;5;0m[HTTP][0m [90m{"id":"00000000-0000-01b6-ffff-ffff0000001c"}[39m
[38;5;0m[HTTP][0m [37m<-- POST /wd/hub/session/b25b64c1-eb98-44ad-a090-14653a889ee5/element/00000000-0000-01b6-ffff-ffff0000001c/clear [39m[32m200[39m [90m56 ms - 14[39m
[38;5;0m[HTTP][0m [90m[39m
[38;5;0m[HTTP][0m [37m-->[39m [37mPOST[39m [37m/wd/hub/session/b25b64c1-eb98-44ad-a090-14653a889ee5/element/00000000-0000-01b6-ffff-ffff0000001c/click[39m
[38;5;0m[HTTP][0m [90m{"id":"00000000-0000-01b6-ffff-ffff0000001c"}[39m
[38;5;0m[HTTP][0m [37m<-- POST /wd/hub/session/b25b64c1-eb98-44ad-a090-14653a889ee5/element/00000000-0000-01b6-ffff-ffff0000001c/click [39m[32m200[39m [90m488 ms - 14[39m
[38;5;0m[HTTP][0m [90m[39m
[38;5;0m[HTTP][0m [37m-->[39m [37mPOST[39m [37m/wd/hub/session/b25b64c1-eb98-44ad-a090-14653a889ee5/element/00000000-0000-01b6-ffff-ffff0000001c/value[39m
[38;5;0m[HTTP][0m [90m{"id":"00000000-0000-01b6-ffff-ffff0000001c","text":"Mohamed Ishak","value":["M","o","h","a","m","e","d"," ","I","s","h","a","k"]}[39m
[38;5;0m[HTTP][0m [37m<-- POST /wd/hub/session/b25b64c1-eb98-44ad-a090-14653a889ee5/element/00000000-0000-01b6-ffff-ffff0000001c/value [39m[32m200[39m [90m1722 ms - 14[39m
[38;5;0m[HTTP][0m [90m[39m
[38;5;0m[HTTP][0m [37m-->[39m [37mGET[39m [37m/wd/hub/session/b25b64c1-eb98-44ad-a090-14653a889ee5/source[39m
[38;5;0m[HTTP][0m [90m{}[39m
[38;5;48m[AndroidUiautomator2Driver@a358 (b25b64c1)][0m Driver proxy active, passing request on via HTTP proxy
[38;5;48m[AndroidUiautomator2Driver@a358 (b25b64c1)][0m Replacing sessionId 22d809af-df53-45b6-980f-50d9fcc2c8c9 with b25b64c1-eb98-44ad-a090-14653a889ee5
[38;5;0m[HTTP][0m [37m<-- GET /wd/hub/session/b25b64c1-eb98-44ad-a090-14653a889ee5/source [39m[32m200[39m [90m267 ms - 10614[39m
[38;5;0m[HTTP][0m [90m[39m
[38;5;0m[HTTP][0m [37m-->[39m [37mGET[39m [37m/wd/hub/session/b25b64c1-eb98-44ad-a090-14653a889ee5/screenshot[39m
[38;5;0m[HTTP][0m [90m{}[39m
[38;5;0m[HTTP][0m [37m<-- GET /wd/hub/session/b25b64c1-eb98-44ad-a090-14653a889ee5/screenshot [39m[32m200[39m [90m551 ms - 674428[39m
[38;5;0m[HTTP][0m [90m[39m
[38;5;0m[HTTP][0m [37m-->[39m [37mGET[39m [37m/wd/hub/session/b25b64c1-eb98-44ad-a090-14653a889ee5/context[39m
[38;5;0m[HTTP][0m [90m{}[39m
[38;5;0m[HTTP][0m [37m<-- GET /wd/hub/session/b25b64c1-eb98-44ad-a090-14653a889ee5/context [39m[32m200[39m [90m3 ms - 22[39m
[38;5;0m[HTTP][0m [90m[39m
[38;5;0m[HTTP][0m [37m-->[39m [37mGET[39m [37m/wd/hub/session/b25b64c1-eb98-44ad-a090-14653a889ee5/contexts[39m
[38;5;0m[HTTP][0m [90m{}[39m
[38;5;0m[HTTP][0m [37m<-- GET /wd/hub/session/b25b64c1-eb98-44ad-a090-14653a889ee5/contexts [39m[32m200[39m [90m501 ms - 41[39m
[38;5;0m[HTTP][0m [90m[39m
[38;5;0m[HTTP][0m [37m-->[39m [37mPOST[39m [37m/wd/hub/session/b25b64c1-eb98-44ad-a090-14653a889ee5/context[39m
[38;5;0m[HTTP][0m [90m{"name":"NATIVE_APP"}[39m
[38;5;0m[HTTP][0m [37m<-- POST /wd/hub/session/b25b64c1-eb98-44ad-a090-14653a889ee5/context [39m[32m200[39m [90m2 ms - 14[39m
[38;5;0m[HTTP][0m [90m[39m
[38;5;0m[HTTP][0m [37m-->[39m [37mPOST[39m [37m/wd/hub/session/b25b64c1-eb98-44ad-a090-14653a889ee5/appium/device/hide_keyboard[39m
[38;5;0m[HTTP][0m [90m{}[39m
[38;5;0m[HTTP][0m [37m<-- POST /wd/hub/session/b25b64c1-eb98-44ad-a090-14653a889ee5/appium/device/hide_keyboard [39m[32m200[39m [90m1594 ms - 14[39m
[38;5;0m[HTTP][0m [90m[39m
[38;5;0m[HTTP][0m [37m-->[39m [37mPOST[39m [37m/wd/hub/session/b25b64c1-eb98-44ad-a090-14653a889ee5/context[39m
[38;5;0m[HTTP][0m [90m{"name":"NATIVE_APP"}[39m
[38;5;0m[HTTP][0m [37m<-- POST /wd/hub/session/b25b64c1-eb98-44ad-a090-14653a889ee5/context [39m[32m200[39m [90m4 ms - 14[39m
[38;5;0m[HTTP][0m [90m[39m
[38;5;0m[HTTP][0m [37m-->[39m [37mGET[39m [37m/wd/hub/session/b25b64c1-eb98-44ad-a090-14653a889ee5/source[39m
[38;5;0m[HTTP][0m [90m{}[39m
[38;5;48m[AndroidUiautomator2Driver@a358 (b25b64c1)][0m Driver proxy active, passing request on via HTTP proxy
[38;5;48m[AndroidUiautomator2Driver@a358 (b25b64c1)][0m Replacing sessionId 22d809af-df53-45b6-980f-50d9fcc2c8c9 with b25b64c1-eb98-44ad-a090-14653a889ee5
[38;5;0m[HTTP][0m [37m<-- GET /wd/hub/session/b25b64c1-eb98-44ad-a090-14653a889ee5/source [39m[32m200[39m [90m289 ms - 11079[39m
[38;5;0m[HTTP][0m [90m[39m
[38;5;0m[HTTP][0m [37m-->[39m [37mGET[39m [37m/wd/hub/session/b25b64c1-eb98-44ad-a090-14653a889ee5/screenshot[39m
[38;5;0m[HTTP][0m [90m{}[39m
[38;5;0m[HTTP][0m [37m<-- GET /wd/hub/session/b25b64c1-eb98-44ad-a090-14653a889ee5/screenshot [39m[32m200[39m [90m523 ms - 591148[39m
[38;5;0m[HTTP][0m [90m[39m
[38;5;0m[HTTP][0m [37m-->[39m [37mPOST[39m [37m/wd/hub/session/b25b64c1-eb98-44ad-a090-14653a889ee5/elements[39m
[38;5;0m[HTTP][0m [90m{"using":"xpath","value":"//*[@class = 'android.widget.Button' and (@text = concat(\"Let\" , \"'\" , \"s  Shop\") or . = concat(\"Let\" , \"'\" , \"s  Shop\")) and @resource-id = 'com.androidsample.generalstore:id/btnLetsShop']"}[39m
[38;5;0m[HTTP][0m [37m<-- POST /wd/hub/session/b25b64c1-eb98-44ad-a090-14653a889ee5/elements [39m[32m200[39m [90m196 ms - 139[39m
[38;5;0m[HTTP][0m [90m[39m
[38;5;0m[HTTP][0m [37m-->[39m [37mGET[39m [37m/wd/hub/session/b25b64c1-eb98-44ad-a090-14653a889ee5/window/rect[39m
[38;5;0m[HTTP][0m [90m{}[39m
[38;5;0m[HTTP][0m [37m<-- GET /wd/hub/session/b25b64c1-eb98-44ad-a090-14653a889ee5/window/rect [39m[32m200[39m [90m11 ms - 50[39m
[38;5;0m[HTTP][0m [90m[39m
[38;5;0m[HTTP][0m [37m-->[39m [37mPOST[39m [37m/wd/hub/session/b25b64c1-eb98-44ad-a090-14653a889ee5/elements[39m
[38;5;0m[HTTP][0m [90m{"using":"xpath","value":"//*[@class = 'android.widget.Button' and (@text = concat(\"Let\" , \"'\" , \"s  Shop\") or . = concat(\"Let\" , \"'\" , \"s  Shop\")) and @resource-id = 'com.androidsample.generalstore:id/btnLetsShop']"}[39m
[38;5;0m[HTTP][0m [37m<-- POST /wd/hub/session/b25b64c1-eb98-44ad-a090-14653a889ee5/elements [39m[32m200[39m [90m175 ms - 139[39m
[38;5;0m[HTTP][0m [90m[39m
[38;5;0m[HTTP][0m [37m-->[39m [37mGET[39m [37m/wd/hub/session/b25b64c1-eb98-44ad-a090-14653a889ee5/element/00000000-0000-01b6-ffff-ffff00000021/location[39m
[38;5;0m[HTTP][0m [90m{}[39m
[38;5;48m[AndroidUiautomator2Driver@a358 (b25b64c1)][0m Driver proxy active, passing request on via HTTP proxy
[38;5;48m[AndroidUiautomator2Driver@a358 (b25b64c1)][0m Replacing sessionId 22d809af-df53-45b6-980f-50d9fcc2c8c9 with b25b64c1-eb98-44ad-a090-14653a889ee5
[38;5;0m[HTTP][0m [37m<-- GET /wd/hub/session/b25b64c1-eb98-44ad-a090-14653a889ee5/element/00000000-0000-01b6-ffff-ffff00000021/location [39m[32m200[39m [90m21 ms - 79[39m
[38;5;0m[HTTP][0m [90m[39m
[38;5;0m[HTTP][0m [37m-->[39m [37mPOST[39m [37m/wd/hub/session/b25b64c1-eb98-44ad-a090-14653a889ee5/element/00000000-0000-01b6-ffff-ffff00000021/click[39m
[38;5;0m[HTTP][0m [90m{"id":"00000000-0000-01b6-ffff-ffff00000021"}[39m
[38;5;0m[HTTP][0m [37m<-- POST /wd/hub/session/b25b64c1-eb98-44ad-a090-14653a889ee5/element/00000000-0000-01b6-ffff-ffff00000021/click [39m[32m200[39m [90m47 ms - 14[39m
[38;5;0m[HTTP][0m [90m[39m
[38;5;0m[HTTP][0m [37m-->[39m [37mGET[39m [37m/wd/hub/session/b25b64c1-eb98-44ad-a090-14653a889ee5/source[39m
[38;5;0m[HTTP][0m [90m{}[39m
[38;5;48m[AndroidUiautomator2Driver@a358 (b25b64c1)][0m Driver proxy active, passing request on via HTTP proxy
[38;5;48m[AndroidUiautomator2Driver@a358 (b25b64c1)][0m Replacing sessionId 22d809af-df53-45b6-980f-50d9fcc2c8c9 with b25b64c1-eb98-44ad-a090-14653a889ee5
[38;5;0m[HTTP][0m [37m<-- GET /wd/hub/session/b25b64c1-eb98-44ad-a090-14653a889ee5/source [39m[32m200[39m [90m927 ms - 17278[39m
[38;5;0m[HTTP][0m [90m[39m
[38;5;0m[HTTP][0m [37m-->[39m [37mGET[39m [37m/wd/hub/session/b25b64c1-eb98-44ad-a090-14653a889ee5/screenshot[39m
[38;5;0m[HTTP][0m [90m{}[39m
[38;5;0m[HTTP][0m [37m<-- GET /wd/hub/session/b25b64c1-eb98-44ad-a090-14653a889ee5/screenshot [39m[32m200[39m [90m442 ms - 389864[39m
[38;5;0m[HTTP][0m [90m[39m
[38;5;0m[HTTP][0m [37m-->[39m [37mPOST[39m [37m/wd/hub/session/b25b64c1-eb98-44ad-a090-14653a889ee5/elements[39m
[38;5;0m[HTTP][0m [90m{"using":"xpath","value":"//*[@class = 'android.widget.TextView' and (@text = 'ADD TO CART' or . = 'ADD TO CART') and @resource-id = 'com.androidsample.generalstore:id/productAddCart']"}[39m
[38;5;0m[HTTP][0m [37m<-- POST /wd/hub/session/b25b64c1-eb98-44ad-a090-14653a889ee5/elements [39m[32m200[39m [90m306 ms - 267[39m
[38;5;0m[HTTP][0m [90m[39m
[38;5;0m[HTTP][0m [37m-->[39m [37mPOST[39m [37m/wd/hub/session/b25b64c1-eb98-44ad-a090-14653a889ee5/elements[39m
[38;5;0m[HTTP][0m [90m{"using":"id","value":"com.androidsample.generalstore:id/productAddCart"}[39m
[38;5;0m[HTTP][0m [37m<-- POST /wd/hub/session/b25b64c1-eb98-44ad-a090-14653a889ee5/elements [39m[32m200[39m [90m262 ms - 267[39m
[38;5;0m[HTTP][0m [90m[39m
[38;5;0m[HTTP][0m [37m-->[39m [37mPOST[39m [37m/wd/hub/session/b25b64c1-eb98-44ad-a090-14653a889ee5/elements[39m
[38;5;0m[HTTP][0m [90m{"using":"-android uiautomator","value":"new UiSelector().className(\"android.widget.TextView\").text(\"ADD TO CART\").resourceId(\"com.androidsample.generalstore:id/productAddCart\")"}[39m
[38;5;0m[HTTP][0m [37m<-- POST /wd/hub/session/b25b64c1-eb98-44ad-a090-14653a889ee5/elements [39m[32m200[39m [90m335 ms - 267[39m
[38;5;0m[HTTP][0m [90m[39m
[38;5;0m[HTTP][0m [37m-->[39m [37mGET[39m [37m/wd/hub/session/b25b64c1-eb98-44ad-a090-14653a889ee5/window/rect[39m
[38;5;0m[HTTP][0m [90m{}[39m
[38;5;0m[HTTP][0m [37m<-- GET /wd/hub/session/b25b64c1-eb98-44ad-a090-14653a889ee5/window/rect [39m[32m200[39m [90m27 ms - 50[39m
[38;5;0m[HTTP][0m [90m[39m
[38;5;0m[HTTP][0m [37m-->[39m [37mPOST[39m [37m/wd/hub/session/b25b64c1-eb98-44ad-a090-14653a889ee5/elements[39m
[38;5;0m[HTTP][0m [90m{"using":"xpath","value":"//hierarchy/android.widget.FrameLayout[1]/android.widget.LinearLayout[1]/android.widget.FrameLayout[1]/android.widget.LinearLayout[1]/android.widget.FrameLayout[1]/android.view.ViewGroup[1]/android.widget.RelativeLayout[1]/android.widget.FrameLayout[1]/android.support.v7.widget.RecyclerView[1]/android.widget.RelativeLayout[1]/android.widget.LinearLayout[1]/android.widget.LinearLayout[2]/android.widget.TextView[2]"}[39m
[38;5;0m[HTTP][0m [37m<-- POST /wd/hub/session/b25b64c1-eb98-44ad-a090-14653a889ee5/elements [39m[32m200[39m [90m253 ms - 139[39m
[38;5;0m[HTTP][0m [90m[39m
[38;5;0m[HTTP][0m [37m-->[39m [37mGET[39m [37m/wd/hub/session/b25b64c1-eb98-44ad-a090-14653a889ee5/element/00000000-0000-01b9-ffff-ffff00000054/location[39m
[38;5;0m[HTTP][0m [90m{}[39m
[38;5;48m[AndroidUiautomator2Driver@a358 (b25b64c1)][0m Driver proxy active, passing request on via HTTP proxy
[38;5;48m[AndroidUiautomator2Driver@a358 (b25b64c1)][0m Replacing sessionId 22d809af-df53-45b6-980f-50d9fcc2c8c9 with b25b64c1-eb98-44ad-a090-14653a889ee5
[38;5;0m[HTTP][0m [37m<-- GET /wd/hub/session/b25b64c1-eb98-44ad-a090-14653a889ee5/element/00000000-0000-01b9-ffff-ffff00000054/location [39m[32m200[39m [90m24 ms - 78[39m
[38;5;0m[HTTP][0m [90m[39m
[38;5;0m[HTTP][0m [37m-->[39m [37mPOST[39m [37m/wd/hub/session/b25b64c1-eb98-44ad-a090-14653a889ee5/element/00000000-0000-01b9-ffff-ffff00000054/click[39m
[38;5;0m[HTTP][0m [90m{"id":"00000000-0000-01b9-ffff-ffff00000054"}[39m
[38;5;0m[HTTP][0m [37m<-- POST /wd/hub/session/b25b64c1-eb98-44ad-a090-14653a889ee5/element/00000000-0000-01b9-ffff-ffff00000054/click [39m[32m200[39m [90m544 ms - 14[39m
[38;5;0m[HTTP][0m [90m[39m
[38;5;0m[HTTP][0m [37m-->[39m [37mGET[39m [37m/wd/hub/session/b25b64c1-eb98-44ad-a090-14653a889ee5/source[39m
[38;5;0m[HTTP][0m [90m{}[39m
[38;5;48m[AndroidUiautomator2Driver@a358 (b25b64c1)][0m Driver proxy active, passing request on via HTTP proxy
[38;5;48m[AndroidUiautomator2Driver@a358 (b25b64c1)][0m Replacing sessionId 22d809af-df53-45b6-980f-50d9fcc2c8c9 with b25b64c1-eb98-44ad-a090-14653a889ee5
[38;5;0m[HTTP][0m [37m<-- GET /wd/hub/session/b25b64c1-eb98-44ad-a090-14653a889ee5/source [39m[32m200[39m [90m345 ms - 17744[39m
[38;5;0m[HTTP][0m [90m[39m
[38;5;0m[HTTP][0m [37m-->[39m [37mGET[39m [37m/wd/hub/session/b25b64c1-eb98-44ad-a090-14653a889ee5/screenshot[39m
[38;5;0m[HTTP][0m [90m{}[39m
[38;5;0m[HTTP][0m [37m<-- GET /wd/hub/session/b25b64c1-eb98-44ad-a090-14653a889ee5/screenshot [39m[32m200[39m [90m439 ms - 391748[39m
[38;5;0m[HTTP][0m [90m[39m
[38;5;0m[HTTP][0m [37m-->[39m [37mPOST[39m [37m/wd/hub/session/b25b64c1-eb98-44ad-a090-14653a889ee5/elements[39m
[38;5;0m[HTTP][0m [90m{"using":"xpath","value":"//*[@class = 'android.widget.ImageButton' and @resource-id = 'com.androidsample.generalstore:id/appbar_btn_cart' and (@text = '' or . = '')]"}[39m
[38;5;0m[HTTP][0m [37m<-- POST /wd/hub/session/b25b64c1-eb98-44ad-a090-14653a889ee5/elements [39m[32m200[39m [90m433 ms - 139[39m
[38;5;0m[HTTP][0m [90m[39m
[38;5;0m[HTTP][0m [37m-->[39m [37mGET[39m [37m/wd/hub/session/b25b64c1-eb98-44ad-a090-14653a889ee5/window/rect[39m
[38;5;0m[HTTP][0m [90m{}[39m
[38;5;0m[HTTP][0m [37m<-- GET /wd/hub/session/b25b64c1-eb98-44ad-a090-14653a889ee5/window/rect [39m[32m200[39m [90m14 ms - 50[39m
[38;5;0m[HTTP][0m [90m[39m
[38;5;0m[HTTP][0m [37m-->[39m [37mPOST[39m [37m/wd/hub/session/b25b64c1-eb98-44ad-a090-14653a889ee5/elements[39m
[38;5;0m[HTTP][0m [90m{"using":"xpath","value":"//*[@class = 'android.widget.ImageButton' and @resource-id = 'com.androidsample.generalstore:id/appbar_btn_cart' and (@text = '' or . = '')]"}[39m
[38;5;0m[HTTP][0m [37m<-- POST /wd/hub/session/b25b64c1-eb98-44ad-a090-14653a889ee5/elements [39m[32m200[39m [90m264 ms - 139[39m
[38;5;0m[HTTP][0m [90m[39m
[38;5;0m[HTTP][0m [37m-->[39m [37mGET[39m [37m/wd/hub/session/b25b64c1-eb98-44ad-a090-14653a889ee5/element/00000000-0000-01b9-ffff-ffff00000047/location[39m
[38;5;0m[HTTP][0m [90m{}[39m
[38;5;48m[AndroidUiautomator2Driver@a358 (b25b64c1)][0m Driver proxy active, passing request on via HTTP proxy
[38;5;48m[AndroidUiautomator2Driver@a358 (b25b64c1)][0m Replacing sessionId 22d809af-df53-45b6-980f-50d9fcc2c8c9 with b25b64c1-eb98-44ad-a090-14653a889ee5
[38;5;0m[HTTP][0m [37m<-- GET /wd/hub/session/b25b64c1-eb98-44ad-a090-14653a889ee5/element/00000000-0000-01b9-ffff-ffff00000047/location [39m[32m200[39m [90m25 ms - 78[39m
[38;5;0m[HTTP][0m [90m[39m
[38;5;0m[HTTP][0m [37m-->[39m [37mPOST[39m [37m/wd/hub/session/b25b64c1-eb98-44ad-a090-14653a889ee5/element/00000000-0000-01b9-ffff-ffff00000047/click[39m
[38;5;0m[HTTP][0m [90m{"id":"00000000-0000-01b9-ffff-ffff00000047"}[39m
[38;5;0m[HTTP][0m [37m<-- POST /wd/hub/session/b25b64c1-eb98-44ad-a090-14653a889ee5/element/00000000-0000-01b9-ffff-ffff00000047/click [39m[32m200[39m [90m55 ms - 14[39m
[38;5;0m[HTTP][0m [90m[39m
[38;5;0m[HTTP][0m [37m-->[39m [37mGET[39m [37m/wd/hub/session/b25b64c1-eb98-44ad-a090-14653a889ee5/source[39m
[38;5;0m[HTTP][0m [90m{}[39m
[38;5;48m[AndroidUiautomator2Driver@a358 (b25b64c1)][0m Driver proxy active, passing request on via HTTP proxy
[38;5;48m[AndroidUiautomator2Driver@a358 (b25b64c1)][0m Replacing sessionId 22d809af-df53-45b6-980f-50d9fcc2c8c9 with b25b64c1-eb98-44ad-a090-14653a889ee5
[38;5;0m[HTTP][0m [37m<-- GET /wd/hub/session/b25b64c1-eb98-44ad-a090-14653a889ee5/source [39m[32m200[39m [90m844 ms - 14500[39m
[38;5;0m[HTTP][0m [90m[39m
[38;5;0m[HTTP][0m [37m-->[39m [37mGET[39m [37m/wd/hub/session/b25b64c1-eb98-44ad-a090-14653a889ee5/screenshot[39m
[38;5;0m[HTTP][0m [90m{}[39m
[38;5;0m[HTTP][0m [37m<-- GET /wd/hub/session/b25b64c1-eb98-44ad-a090-14653a889ee5/screenshot [39m[32m200[39m [90m342 ms - 237596[39m
[38;5;0m[HTTP][0m [90m[39m
[38;5;0m[HTTP][0m [37m-->[39m [37mPOST[39m [37m/wd/hub/session/b25b64c1-eb98-44ad-a090-14653a889ee5/elements[39m
[38;5;0m[HTTP][0m [90m{"using":"xpath","value":"//*[@class = 'android.widget.TextView' and (@text = 'Air Jordan 4 Retro' or . = 'Air Jordan 4 Retro') and @resource-id = 'com.androidsample.generalstore:id/productName']"}[39m
[38;5;0m[HTTP][0m [37m<-- POST /wd/hub/session/b25b64c1-eb98-44ad-a090-14653a889ee5/elements [39m[32m200[39m [90m360 ms - 139[39m
[38;5;0m[HTTP][0m [90m[39m
[38;5;0m[HTTP][0m [37m-->[39m [37mGET[39m [37m/wd/hub/session/b25b64c1-eb98-44ad-a090-14653a889ee5/window/rect[39m
[38;5;0m[HTTP][0m [90m{}[39m
[38;5;0m[HTTP][0m [37m<-- GET /wd/hub/session/b25b64c1-eb98-44ad-a090-14653a889ee5/window/rect [39m[32m200[39m [90m11 ms - 50[39m
[38;5;0m[HTTP][0m [90m[39m
[38;5;0m[HTTP][0m [37m-->[39m [37mPOST[39m [37m/wd/hub/session/b25b64c1-eb98-44ad-a090-14653a889ee5/elements[39m
[38;5;0m[HTTP][0m [90m{"using":"xpath","value":"//*[@class = 'android.widget.TextView' and (@text = 'Air Jordan 4 Retro' or . = 'Air Jordan 4 Retro') and @resource-id = 'com.androidsample.generalstore:id/productName']"}[39m
[38;5;0m[HTTP][0m [37m<-- POST /wd/hub/session/b25b64c1-eb98-44ad-a090-14653a889ee5/elements [39m[32m200[39m [90m263 ms - 139[39m
[38;5;0m[HTTP][0m [90m[39m
[38;5;0m[HTTP][0m [37m-->[39m [37mGET[39m [37m/wd/hub/session/b25b64c1-eb98-44ad-a090-14653a889ee5/element/00000000-0000-01ba-ffff-ffff00000086/location[39m
[38;5;0m[HTTP][0m [90m{}[39m
[38;5;48m[AndroidUiautomator2Driver@a358 (b25b64c1)][0m Driver proxy active, passing request on via HTTP proxy
[38;5;48m[AndroidUiautomator2Driver@a358 (b25b64c1)][0m Replacing sessionId 22d809af-df53-45b6-980f-50d9fcc2c8c9 with b25b64c1-eb98-44ad-a090-14653a889ee5
[38;5;0m[HTTP][0m [37m<-- GET /wd/hub/session/b25b64c1-eb98-44ad-a090-14653a889ee5/element/00000000-0000-01ba-ffff-ffff00000086/location [39m[32m200[39m [90m22 ms - 77[39m
[38;5;0m[HTTP][0m [90m[39m
[38;5;0m[HTTP][0m [37m-->[39m [37mGET[39m [37m/wd/hub/session/b25b64c1-eb98-44ad-a090-14653a889ee5/element/00000000-0000-01ba-ffff-ffff00000086/text[39m
[38;5;0m[HTTP][0m [90m{}[39m
[38;5;48m[AndroidUiautomator2Driver@a358 (b25b64c1)][0m Driver proxy active, passing request on via HTTP proxy
[38;5;48m[AndroidUiautomator2Driver@a358 (b25b64c1)][0m Replacing sessionId 22d809af-df53-45b6-980f-50d9fcc2c8c9 with b25b64c1-eb98-44ad-a090-14653a889ee5
[38;5;0m[HTTP][0m [37m<-- GET /wd/hub/session/b25b64c1-eb98-44ad-a090-14653a889ee5/element/00000000-0000-01ba-ffff-ffff00000086/text [39m[32m200[39m [90m28 ms - 81[39m
[38;5;0m[HTTP][0m [90m[39m
[38;5;0m[HTTP][0m [37m-->[39m [37mGET[39m [37m/wd/hub/session/b25b64c1-eb98-44ad-a090-14653a889ee5/source[39m
[38;5;0m[HTTP][0m [90m{}[39m
[38;5;48m[AndroidUiautomator2Driver@a358 (b25b64c1)][0m Driver proxy active, passing request on via HTTP proxy
[38;5;48m[AndroidUiautomator2Driver@a358 (b25b64c1)][0m Replacing sessionId 22d809af-df53-45b6-980f-50d9fcc2c8c9 with b25b64c1-eb98-44ad-a090-14653a889ee5
[38;5;0m[HTTP][0m [37m<-- GET /wd/hub/session/b25b64c1-eb98-44ad-a090-14653a889ee5/source [39m[32m200[39m [90m229 ms - 14500[39m
[38;5;0m[HTTP][0m [90m[39m
[38;5;0m[HTTP][0m [37m-->[39m [37mGET[39m [37m/wd/hub/session/b25b64c1-eb98-44ad-a090-14653a889ee5/screenshot[39m
[38;5;0m[HTTP][0m [90m{}[39m
[38;5;0m[HTTP][0m [37m<-- GET /wd/hub/session/b25b64c1-eb98-44ad-a090-14653a889ee5/screenshot [39m[32m200[39m [90m374 ms - 237596[39m
[38;5;0m[HTTP][0m [90m[39m
[38;5;0m[HTTP][0m [37m-->[39m [37mDELETE[39m [37m/wd/hub/session/b25b64c1-eb98-44ad-a090-14653a889ee5[39m
[38;5;0m[HTTP][0m [90m{}[39m
[38;5;16m[AppiumDriver@dcb6][0m Removing session b25b64c1-eb98-44ad-a090-14653a889ee5 from our master session list
[38;5;48m[AndroidUiautomator2Driver@a358 (b25b64c1)][0m Restoring hidden api policy to the device default configuration
[38;5;0m[HTTP][0m [37m<-- DELETE /wd/hub/session/b25b64c1-eb98-44ad-a090-14653a889ee5 [39m[32m200[39m [90m784 ms - 14[39m
[38;5;0m[HTTP][0m [90m[39m
